\BOOKMARK [0][-]{chapter*.1}{\376\377\000A\000b\000s\000t\000r\000a\000c\000t}{}% 1
\BOOKMARK [0][-]{chapter*.8}{\376\377\000N\000o\000m\000e\000n\000c\000l\000a\000t\000u\000r\000e}{}% 2
\BOOKMARK [0][-]{chapter.1}{\376\377\000I\000n\000t\000r\000o\000d\000u\000c\000t\000i\000o\000n}{}% 3
\BOOKMARK [0][-]{chapter.2}{\376\377\000M\000e\000t\000h\000o\000d}{}% 4
\BOOKMARK [0][-]{chapter.3}{\376\377\000B\000a\000c\000k\000g\000r\000o\000u\000n\000d}{}% 5
\BOOKMARK [1][-]{section.3.1}{\376\377\000S\000t\000a\000b\000i\000l\000i\000t\000y}{chapter.3}% 6
\BOOKMARK [2][-]{subsection.3.1.1}{\376\377\000S\000t\000a\000b\000i\000l\000i\000t\000y\000\040\000o\000f\000\040\000a\000u\000t\000o\000n\000o\000m\000o\000u\000s\000\040\000s\000y\000s\000t\000e\000m\000s}{section.3.1}% 7
\BOOKMARK [3][-]{subsubsection.3.1.1.1}{\376\377\000S\000t\000a\000b\000i\000l\000i\000t\000y\000\040\000n\000o\000t\000i\000o\000n\000s}{subsection.3.1.1}% 8
\BOOKMARK [4][-]{paragraph.3.1.1.1.1}{\376\377\000S\000t\000a\000b\000i\000l\000i\000t\000y\000\040\000i\000n\000\040\000t\000h\000e\000\040\000s\000e\000n\000s\000e\000\040\000o\000f\000\040\000L\000y\000a\000p\000u\000n\000o\000v}{subsubsection.3.1.1.1}% 9
\BOOKMARK [4][-]{paragraph.3.1.1.1.2}{\376\377\000A\000s\000y\000m\000p\000t\000o\000t\000i\000c\000\040\000s\000t\000a\000b\000i\000l\000i\000t\000y}{subsubsection.3.1.1.1}% 10
\BOOKMARK [4][-]{paragraph.3.1.1.1.3}{\376\377\000E\000x\000p\000o\000n\000e\000n\000t\000i\000a\000l\000\040\000s\000t\000a\000b\000i\000l\000i\000t\000y}{subsubsection.3.1.1.1}% 11
\BOOKMARK [3][-]{subsubsection.3.1.1.2}{\376\377\000S\000t\000a\000b\000i\000l\000i\000t\000y\000\040\000m\000e\000t\000h\000o\000d\000s}{subsection.3.1.1}% 12
\BOOKMARK [4][-]{paragraph.3.1.1.2.1}{\376\377\000L\000y\000a\000p\000u\000n\000o\000v\000'\000s\000\040\000i\000n\000d\000i\000r\000e\000c\000t\000\040\000m\000e\000t\000h\000o\000d}{subsubsection.3.1.1.2}% 13
\BOOKMARK [4][-]{paragraph.3.1.1.2.2}{\376\377\000L\000y\000a\000p\000n\000o\000v\000'\000s\000\040\000d\000i\000r\000e\000c\000t\000\040\000m\000e\000t\000h\000o\000d}{subsubsection.3.1.1.2}% 14
\BOOKMARK [2][-]{subsection.3.1.2}{\376\377\000S\000t\000a\000b\000i\000l\000i\000t\000y\000\040\000o\000f\000\040\000u\000n\000f\000o\000r\000c\000e\000d\000\040\000n\000o\000n\000-\000a\000u\000t\000o\000n\000o\000m\000o\000u\000s\000\040\000s\000y\000s\000t\000e\000m\000s}{section.3.1}% 15
\BOOKMARK [3][-]{subsubsection.3.1.2.1}{\376\377\000B\000o\000u\000n\000d\000e\000d\000n\000e\000s\000s\000\040\000a\000n\000d\000\040\000u\000l\000t\000i\000m\000a\000t\000e\000\040\000b\000o\000u\000n\000d\000e\000d\000n\000e\000s\000s}{subsection.3.1.2}% 16
\BOOKMARK [3][-]{subsubsection.3.1.2.2}{\376\377\000S\000t\000a\000b\000i\000l\000i\000t\000y\000\040\000o\000f\000\040\000p\000e\000r\000t\000u\000r\000b\000e\000d\000\040\000s\000y\000s\000t\000e\000m\000s}{subsection.3.1.2}% 17
\BOOKMARK [2][-]{subsection.3.1.3}{\376\377\000S\000t\000a\000b\000i\000l\000i\000t\000y\000\040\000o\000f\000\040\000f\000o\000r\000c\000e\000d\000\040\000n\000o\000n\000-\000a\000u\000t\000o\000n\000o\000m\000o\000u\000s\000\040\000s\000y\000s\000t\000e\000m\000s}{section.3.1}% 18
\BOOKMARK [3][-]{subsubsection.3.1.3.1}{\376\377\000I\000n\000p\000u\000t\000-\000t\000o\000-\000s\000t\000a\000t\000e\000\040\000s\000t\000a\000b\000i\000l\000i\000t\000y}{subsection.3.1.3}% 19
\BOOKMARK [3][-]{subsubsection.3.1.3.2}{\376\377\000P\000a\000s\000s\000i\000v\000i\000t\000y}{subsection.3.1.3}% 20
\BOOKMARK [1][-]{section.3.2}{\376\377\000M\000a\000n\000i\000p\000u\000l\000a\000t\000o\000r\000\040\000k\000i\000n\000e\000m\000a\000t\000i\000c\000s\000/\000d\000y\000n\000a\000m\000i\000c\000s}{chapter.3}% 21
\BOOKMARK [1][-]{section.3.3}{\376\377\000I\000n\000d\000i\000r\000e\000c\000t\000\040\000f\000o\000r\000c\000e\000\040\000c\000o\000n\000t\000r\000o\000l}{chapter.3}% 22
\BOOKMARK [2][-]{subsection.3.3.1}{\376\377\000I\000m\000p\000e\000d\000a\000n\000c\000e\000\040\000c\000o\000n\000t\000r\000o\000l}{section.3.3}% 23
\BOOKMARK [3][-]{subsubsection.3.3.1.1}{\376\377\000C\000a\000r\000t\000e\000s\000i\000a\000n\000\040\000s\000t\000i\000f\000f\000n\000e\000s\000s\000\040\000c\000o\000n\000t\000r\000o\000l}{subsection.3.3.1}% 24
\BOOKMARK [3][-]{subsubsection.3.3.1.2}{\376\377\000A\000d\000m\000i\000t\000t\000a\000n\000c\000e\000\040\000c\000o\000n\000t\000r\000o\000l}{subsection.3.3.1}% 25
\BOOKMARK [3][-]{subsubsection.3.3.1.3}{\376\377\000V\000a\000r\000i\000a\000b\000l\000e\000\040\000i\000m\000p\000e\000d\000a\000n\000c\000e\000\040\000c\000o\000n\000t\000r\000o\000l}{subsection.3.3.1}% 26
\BOOKMARK [2][-]{subsection.3.3.2}{\376\377\000L\000i\000m\000i\000t\000a\000t\000i\000o\000n\000s}{section.3.3}% 27
\BOOKMARK [1][-]{section.3.4}{\376\377\000F\000u\000r\000t\000h\000e\000r\000\040\000r\000e\000a\000d\000i\000n\000g}{chapter.3}% 28
\BOOKMARK [0][-]{chapter.4}{\376\377\000S\000t\000a\000b\000i\000l\000i\000t\000y\000\040\000m\000e\000t\000h\000o\000d\000s\000\040\000i\000n\000\040\000c\000l\000a\000s\000s\000i\000c\000a\000l\000\040\000v\000a\000r\000i\000a\000b\000l\000e\000\040\000i\000m\000p\000e\000d\000a\000n\000c\000e\000\040\000c\000o\000n\000t\000r\000o\000l}{}% 29
\BOOKMARK [1][-]{section.4.1}{\376\377\000P\000a\000c\000i\000f\000y\000i\000n\000g\000\040\000c\000o\000n\000t\000r\000o\000l\000\040\000a\000l\000g\000o\000r\000i\000t\000h\000m\000s}{chapter.4}% 30
\BOOKMARK [2][-]{subsection.4.1.1}{\376\377\000E\000n\000e\000r\000g\000y\000-\000t\000a\000n\000k\000s}{section.4.1}% 31
\BOOKMARK [2][-]{subsection.4.1.2}{\376\377\000P\000o\000t\000e\000n\000t\000i\000a\000l\000\040\000f\000i\000e\000l\000d\000s}{section.4.1}% 32
\BOOKMARK [2][-]{subsection.4.1.3}{\376\377\000S\000t\000a\000b\000i\000l\000i\000t\000y\000\040\000c\000o\000n\000s\000t\000r\000a\000i\000n\000t\000s}{section.4.1}% 33
\BOOKMARK [0][-]{chapter.5}{\376\377\000S\000t\000a\000b\000i\000l\000i\000t\000y\000\040\000m\000e\000t\000h\000o\000d\000s\000\040\000i\000n\000\040\000l\000e\000a\000r\000n\000i\000n\000g\000\040\000b\000a\000s\000e\000d\000\040\000v\000a\000r\000i\000a\000b\000l\000e\000\040\000i\000m\000p\000e\000d\000a\000n\000c\000e\000\040\000c\000o\000n\000t\000r\000o\000l}{}% 34
\BOOKMARK [1][-]{section.5.1}{\376\377\000V\000a\000r\000i\000a\000b\000l\000e\000\040\000i\000m\000p\000e\000d\000a\000n\000c\000e\000\040\000l\000e\000a\000r\000n\000i\000n\000g}{chapter.5}% 35
\BOOKMARK [2][-]{subsection.5.1.1}{\376\377\000S\000t\000a\000b\000i\000l\000i\000t\000y\000\040\000o\000f\000\040\000t\000h\000e\000\040\000l\000e\000a\000r\000n\000e\000d\000\040\000t\000r\000a\000j\000e\000c\000t\000o\000r\000i\000e\000s}{section.5.1}% 36
\BOOKMARK [2][-]{subsection.5.1.2}{\376\377\000S\000t\000a\000b\000i\000l\000i\000t\000y\000\040\000o\000f\000\040\000t\000h\000e\000\040\000l\000e\000a\000r\000n\000e\000d\000\040\000i\000m\000p\000e\000d\000a\000n\000c\000e}{section.5.1}% 37
\BOOKMARK [1][-]{section.5.2}{\376\377\000V\000a\000r\000i\000a\000b\000l\000e\000\040\000i\000m\000p\000e\000d\000a\000n\000c\000e\000\040\000l\000e\000a\000r\000n\000i\000n\000g\000\040\000c\000o\000n\000t\000r\000o\000l}{chapter.5}% 38
\BOOKMARK [0][-]{chapter.6}{\376\377\000D\000i\000s\000c\000u\000s\000s\000i\000o\000n\000s\000\040\000a\000n\000d\000\040\000C\000o\000n\000c\000l\000u\000s\000i\000o\000n}{}% 39
\BOOKMARK [0][-]{chapter*.16}{\376\377\000R\000e\000f\000e\000r\000e\000n\000c\000e\000s}{}% 40
\BOOKMARK [0][-]{appendix.A}{\376\377\000K\000e\000y\000w\000o\000r\000d\000s}{}% 41
